# JRE version: Java(TM) SE Runtime Environment (17.0.12+8) (build 17.0.12+8-LTS-286)
# Java VM: Java HotSpot(TM) 64-Bit Server VM (17.0.12+8-LTS-286, mixed mode, sharing, tiered, compressed oops, compressed class ptrs, g1 gc, windows-amd64)
GC Precious Log:
 CPUs: 8 total, 8 available
 Memory: 8072M
 Large Page Support: Disabled
 NUMA Support: Disabled
 Compressed Oops: Enabled (32-bit)
 Heap Region Size: 1M
 Heap Min Capacity: 8M
 Heap Initial Capacity: 128M
 Heap Max Capacity: 2020M
 Pre-touch: Disabled
 Parallel Workers: 8
 Concurrent Workers: 2
 Concurrent Refinement Workers: 8
 Periodic GC: Disabled
Heap:
 garbage-first heap   total 136192K, used 57934K [0x0000000081c00000, 0x0000000100000000)
  region size 1024K, 5 young (5120K), 5 survivors (5120K)
 Metaspace       used 61262K, committed 61824K, reserved 1114112K
  class space    used 7342K, committed 7616K, reserved 1048576K
GC Heap History (20 events):
Event: 46.077 GC heap after
{Heap after GC invocations=20 (full 0):
 garbage-first heap   total 123904K, used 53607K [0x0000000081c00000, 0x0000000100000000)
  region size 1024K, 4 young (4096K), 4 survivors (4096K)
 Metaspace       used 30876K, committed 31232K, reserved 1114112K
  class space    used 3473K, committed 3648K, reserved 1048576K
}
Event: 46.117 GC heap before
{Heap before GC invocations=20 (full 0):
 garbage-first heap   total 123904K, used 54631K [0x0000000081c00000, 0x0000000100000000)
  region size 1024K, 6 young (6144K), 4 survivors (4096K)
 Metaspace       used 30885K, committed 31232K, reserved 1114112K
  class space    used 3473K, committed 3648K, reserved 1048576K
}
Event: 46.126 GC heap after
{Heap after GC invocations=21 (full 0):
 garbage-first heap   total 123904K, used 52392K [0x0000000081c00000, 0x0000000100000000)
  region size 1024K, 1 young (1024K), 1 survivors (1024K)
 Metaspace       used 30885K, committed 31232K, reserved 1114112K
  class space    used 3473K, committed 3648K, reserved 1048576K
}
Event: 47.661 GC heap before
{Heap before GC invocations=21 (full 0):
 garbage-first heap   total 123904K, used 97448K [0x0000000081c00000, 0x0000000100000000)
  region size 1024K, 44 young (45056K), 1 survivors (1024K)
 Metaspace       used 38522K, committed 38912K, reserved 1114112K
  class space    used 4475K, committed 4672K, reserved 1048576K
}
Event: 47.666 GC heap after
{Heap after GC invocations=22 (full 0):
 garbage-first heap   total 123904K, used 59165K [0x0000000081c00000, 0x0000000100000000)
  region size 1024K, 6 young (6144K), 6 survivors (6144K)
 Metaspace       used 38522K, committed 38912K, reserved 1114112K
  class space    used 4475K, committed 4672K, reserved 1048576K
}
Event: 48.596 GC heap before
{Heap before GC invocations=22 (full 0):
 garbage-first heap   total 123904K, used 96029K [0x0000000081c00000, 0x0000000100000000)
  region size 1024K, 42 young (43008K), 6 survivors (6144K)
 Metaspace       used 47607K, committed 48000K, reserved 1114112K
  class space    used 5650K, committed 5824K, reserved 1048576K
}
Event: 48.602 GC heap after
{Heap after GC invocations=23 (full 0):
 garbage-first heap   total 123904K, used 61938K [0x0000000081c00000, 0x0000000100000000)
  region size 1024K, 3 young (3072K), 3 survivors (3072K)
 Metaspace       used 47607K, committed 48000K, reserved 1114112K
  class space    used 5650K, committed 5824K, reserved 1048576K
}
Event: 49.384 GC heap before
{Heap before GC invocations=23 (full 0):
 garbage-first heap   total 123904K, used 73202K [0x0000000081c00000, 0x0000000100000000)
  region size 1024K, 15 young (15360K), 3 survivors (3072K)
 Metaspace       used 49095K, committed 49536K, reserved 1114112K
  class space    used 5871K, committed 6080K, reserved 1048576K
}
Event: 49.390 GC heap after
{Heap after GC invocations=24 (full 0):
 garbage-first heap   total 123904K, used 63342K [0x0000000081c00000, 0x0000000100000000)
  region size 1024K, 2 young (2048K), 2 survivors (2048K)
 Metaspace       used 49095K, committed 49536K, reserved 1114112K
  class space    used 5871K, committed 6080K, reserved 1048576K
}
Event: 50.189 GC heap before
{Heap before GC invocations=25 (full 0):
 garbage-first heap   total 123904K, used 98158K [0x0000000081c00000, 0x0000000100000000)
  region size 1024K, 36 young (36864K), 2 survivors (2048K)
 Metaspace       used 50550K, committed 51136K, reserved 1114112K
  class space    used 6057K, committed 6336K, reserved 1048576K
}
Event: 50.198 GC heap after
{Heap after GC invocations=26 (full 0):
 garbage-first heap   total 123904K, used 67932K [0x0000000081c00000, 0x0000000100000000)
  region size 1024K, 5 young (5120K), 5 survivors (5120K)
 Metaspace       used 50550K, committed 51136K, reserved 1114112K
  class space    used 6057K, committed 6336K, reserved 1048576K
}
Event: 50.233 GC heap before
{Heap before GC invocations=26 (full 0):
 garbage-first heap   total 123904K, used 68956K [0x0000000081c00000, 0x0000000100000000)
  region size 1024K, 6 young (6144K), 5 survivors (5120K)
 Metaspace       used 50597K, committed 51200K, reserved 1114112K
  class space    used 6068K, committed 6336K, reserved 1048576K
}
Event: 50.244 GC heap after
{Heap after GC invocations=27 (full 0):
 garbage-first heap   total 123904K, used 59985K [0x0000000081c00000, 0x0000000100000000)
  region size 1024K, 1 young (1024K), 1 survivors (1024K)
 Metaspace       used 50597K, committed 51200K, reserved 1114112K
  class space    used 6068K, committed 6336K, reserved 1048576K
}
Event: 50.970 GC heap before
{Heap before GC invocations=27 (full 0):
 garbage-first heap   total 123904K, used 96849K [0x0000000081c00000, 0x0000000100000000)
  region size 1024K, 37 young (37888K), 1 survivors (1024K)
 Metaspace       used 51987K, committed 52608K, reserved 1114112K
  class space    used 6240K, committed 6528K, reserved 1048576K
}
Event: 50.976 GC heap after
{Heap after GC invocations=28 (full 0):
 garbage-first heap   total 123904K, used 61917K [0x0000000081c00000, 0x0000000100000000)
  region size 1024K, 3 young (3072K), 3 survivors (3072K)
 Metaspace       used 51987K, committed 52608K, reserved 1114112K
  class space    used 6240K, committed 6528K, reserved 1048576K
}
Event: 52.142 GC heap before
{Heap before GC invocations=29 (full 0):
 garbage-first heap   total 123904K, used 96733K [0x0000000081c00000, 0x0000000100000000)
  region size 1024K, 39 young (39936K), 3 survivors (3072K)
 Metaspace       used 55931K, committed 56512K, reserved 1114112K
  class space    used 6733K, committed 7040K, reserved 1048576K
}
Event: 52.149 GC heap after
{Heap after GC invocations=30 (full 0):
 garbage-first heap   total 123904K, used 62430K [0x0000000081c00000, 0x0000000100000000)
  region size 1024K, 3 young (3072K), 3 survivors (3072K)
 Metaspace       used 55931K, committed 56512K, reserved 1114112K
  class space    used 6733K, committed 7040K, reserved 1048576K
}
Event: 52.241 GC heap before
{Heap before GC invocations=30 (full 0):
 garbage-first heap   total 123904K, used 65502K [0x0000000081c00000, 0x0000000100000000)
  region size 1024K, 6 young (6144K), 3 survivors (3072K)
 Metaspace       used 56334K, committed 56960K, reserved 1114112K
  class space    used 6772K, committed 7040K, reserved 1048576K
}
Event: 52.249 GC heap after
{Heap after GC invocations=31 (full 0):
 garbage-first heap   total 123904K, used 53979K [0x0000000081c00000, 0x0000000100000000)
  region size 1024K, 1 young (1024K), 1 survivors (1024K)
 Metaspace       used 56334K, committed 56960K, reserved 1114112K
  class space    used 6772K, committed 7040K, reserved 1048576K
}
Event: 54.029 GC heap before
{Heap before GC invocations=31 (full 0):
 garbage-first heap   total 123904K, used 98011K [0x0000000081c00000, 0x0000000100000000)
  region size 1024K, 44 young (45056K), 1 survivors (1024K)
 Metaspace       used 61262K, committed 61824K, reserved 1114112K
  class space    used 7342K, committed 7616K, reserved 1048576K
}

